initWorld
p3 127
Initial state
____ ____ ho_e ____ ____ ____ ____ ____ ____ ____ ____ ____ ____ ____ ____ 
____ lr_e ____ fo_s ____ ____ ____ ____ ____ ____ ____ ____ ____ ____ ____ 
ho_s ____ ____ ____ ____ ____ ____ ____ ____ ____ ____ ____ ____ fo_w ____ 
____ ____ ____ ____ ____ ____ ____ ____ ____ ____ ____ ____ ____ ____ ____ 
____ ____ ____ ____ fl_s ____ ____ ____ ____ ____ ____ ____ ____ ____ ____ 
____ ____ ____ ____ ____ ____ ____ ____ ____ ____ ____ ____ ____ ____ ____ 
____ ____ ____ ____ ____ ____ ____ ____ ____ ____ ____ ____ ____ ____ ____ 
____ ____ ____ ho_n ____ ____ ____ ____ ____ ____ ____ ____ ____ ____ ____ 
____ ____ ____ ____ ____ ____ ____ ____ ____ ____ ____ ____ ____ ____ ____ 
____ ____ ____ ____ ____ ____ ____ ____ ____ ____ ____ ____ ____ ____ ____ 
____ ____ ____ ____ ____ ____ ____ ____ ____ fo_e ____ ____ ____ ____ ____ 
____ ____ ____ ____ ____ ____ ____ ____ ____ ____ ____ ____ ____ ____ ____ 
____ ____ ____ ____ ____ ____ ____ ____ ____ ____ ____ ho_s ____ ____ ____ 
____ ____ ____ ____ ____ ____ ____ ____ ____ ____ ____ ____ ____ ____ lr_w 
____ ____ ____ ____ ____ ____ ____ ____ ____ ____ ____ ____ ____ ____ ____ 
Round 1
Creature (lrover east 1 1) takes action:lrover
 hop
Creature (food south 1 3) takes action:food
 left
Creature (hop south 2 0) takes action:hop
 hop
Creature (lrover west 13 14) takes action:lrover
 hop
Creature (food east 10 9) takes action:food
 left
Creature (hop north 7 3) takes action:hop
 hop
Creature (food west 2 13) takes action:food
 left
____ ____ ho_e ____ ____ ____ ____ ____ ____ ____ ____ ____ ____ ____ ____ 
____ ____ lr_e fo_e ____ ____ ____ ____ ____ ____ ____ ____ ____ ____ ____ 
____ ____ ____ ____ ____ ____ ____ ____ ____ ____ ____ ____ ____ fo_s ____ 
ho_s ____ ____ ____ ____ ____ ____ ____ ____ ____ ____ ____ ____ ____ ____ 
____ ____ ____ ____ fl_s ____ ____ ____ ____ ____ ____ ____ ____ ____ ____ 
____ ____ ____ ____ ____ ____ ____ ____ ____ ____ ____ ____ ____ ____ ____ 
____ ____ ____ ho_n ____ ____ ____ ____ ____ ____ ____ ____ ____ ____ ____ 
____ ____ ____ ____ ____ ____ ____ ____ ____ ____ ____ ____ ____ ____ ____ 
____ ____ ____ ____ ____ ____ ____ ____ ____ ____ ____ ____ ____ ____ ____ 
____ ____ ____ ____ ____ ____ ____ ____ ____ ____ ____ ____ ____ ____ ____ 
____ ____ ____ ____ ____ ____ ____ ____ ____ fo_n ____ ____ ____ ____ ____ 
____ ____ ____ ____ ____ ____ ____ ____ ____ ____ ____ ____ ____ ____ ____ 
____ ____ ____ ____ ____ ____ ____ ____ ____ ____ ____ ho_s ____ ____ ____ 
____ ____ ____ ____ ____ ____ ____ ____ ____ ____ ____ ____ ____ lr_w ____ 
____ ____ ____ ____ ____ ____ ____ ____ ____ ____ ____ ____ ____ ____ ____ 
Round 2
Creature (lrover east 1 2) takes action:lrover
 infect
Creature (flytrap south 4 4) takes action:flytrap
 left
Creature (lrover east 1 3) takes action:lrover
 hop
Creature (hop south 3 0) takes action:hop
 hop
Creature (hop east 0 2) takes action:hop
 hop
Creature (lrover west 13 13) takes action:lrover
 hop
Creature (food north 10 9) takes action:food
 left
Creature (hop south 12 11) takes action:hop
 hop
Creature (hop north 6 3) takes action:hop
 hop
Creature (food south 2 13) takes action:food
 left
____ ____ ____ ho_e ____ ____ ____ ____ ____ ____ ____ ____ ____ ____ ____ 
____ ____ lr_e ____ lr_e ____ ____ ____ ____ ____ ____ ____ ____ ____ ____ 
____ ____ ____ ____ ____ ____ ____ ____ ____ ____ ____ ____ ____ fo_e ____ 
____ ____ ____ ____ ____ ____ ____ ____ ____ ____ ____ ____ ____ ____ ____ 
ho_s ____ ____ ____ fl_e ____ ____ ____ ____ ____ ____ ____ ____ ____ ____ 
____ ____ ____ ho_n ____ ____ ____ ____ ____ ____ ____ ____ ____ ____ ____ 
____ ____ ____ ____ ____ ____ ____ ____ ____ ____ ____ ____ ____ ____ ____ 
____ ____ ____ ____ ____ ____ ____ ____ ____ ____ ____ ____ ____ ____ ____ 
____ ____ ____ ____ ____ ____ ____ ____ ____ ____ ____ ____ ____ ____ ____ 
____ ____ ____ ____ ____ ____ ____ ____ ____ ____ ____ ____ ____ ____ ____ 
____ ____ ____ ____ ____ ____ ____ ____ ____ fo_w ____ ____ ____ ____ ____ 
____ ____ ____ ____ ____ ____ ____ ____ ____ ____ ____ ____ ____ ____ ____ 
____ ____ ____ ____ ____ ____ ____ ____ ____ ____ ____ ____ ____ ____ ____ 
____ ____ ____ ____ ____ ____ ____ ____ ____ ____ ____ ho_s lr_w ____ ____ 
____ ____ ____ ____ ____ ____ ____ ____ ____ ____ ____ ____ ____ ____ ____ 
Round 3
Creature (lrover east 1 2) takes action:lrover
 hop
Creature (lrover east 1 4) takes action:lrover
 hop
Creature (hop south 4 0) takes action:hop
 hop
Creature (lrover west 13 12) takes action:lrover
 infect
Creature (food west 10 9) takes action:food
 left
Creature (hop north 5 3) takes action:hop
 hop
Creature (food east 2 13) takes action:food
 left
____ ____ ____ ho_e ____ ____ ____ ____ ____ ____ ____ ____ ____ ____ ____ 
____ ____ ____ lr_e ____ lr_e ____ ____ ____ ____ ____ ____ ____ ____ ____ 
____ ____ ____ ____ ____ ____ ____ ____ ____ ____ ____ ____ ____ fo_n ____ 
____ ____ ____ ____ ____ ____ ____ ____ ____ ____ ____ ____ ____ ____ ____ 
____ ____ ____ ho_n fl_e ____ ____ ____ ____ ____ ____ ____ ____ ____ ____ 
ho_s ____ ____ ____ ____ ____ ____ ____ ____ ____ ____ ____ ____ ____ ____ 
____ ____ ____ ____ ____ ____ ____ ____ ____ ____ ____ ____ ____ ____ ____ 
____ ____ ____ ____ ____ ____ ____ ____ ____ ____ ____ ____ ____ ____ ____ 
____ ____ ____ ____ ____ ____ ____ ____ ____ ____ ____ ____ ____ ____ ____ 
____ ____ ____ ____ ____ ____ ____ ____ ____ ____ ____ ____ ____ ____ ____ 
____ ____ ____ ____ ____ ____ ____ ____ ____ fo_s ____ ____ ____ ____ ____ 
____ ____ ____ ____ ____ ____ ____ ____ ____ ____ ____ ____ ____ ____ ____ 
____ ____ ____ ____ ____ ____ ____ ____ ____ ____ ____ ____ ____ ____ ____ 
____ ____ ____ ____ ____ ____ ____ ____ ____ ____ ____ lr_s lr_w ____ ____ 
____ ____ ____ ____ ____ ____ ____ ____ ____ ____ ____ ____ ____ ____ ____ 
Round 4
Creature (lrover east 1 3) takes action:lrover
 hop
Creature (flytrap east 4 4) takes action:flytrap
 left
Creature (lrover east 1 5) takes action:lrover
 hop
Creature (hop south 5 0) takes action:hop
 hop
Creature (hop east 0 3) takes action:hop
 hop
Creature (lrover west 13 12) takes action:lrover
 left
Creature (food south 10 9) takes action:food
 left
Creature (lrover south 13 11) takes action:lrover
 left
Creature (hop north 4 3) takes action:hop
 hop
Creature (food north 2 13) takes action:food
 left
____ ____ ____ ho_e ____ ____ ____ ____ ____ ____ ____ ____ ____ ____ ____ 
____ ____ ____ ____ lr_e ____ lr_e ____ ____ ____ ____ ____ ____ ____ ____ 
____ ____ ____ ____ ____ ____ ____ ____ ____ ____ ____ ____ ____ fo_w ____ 
____ ____ ____ ho_n ____ ____ ____ ____ ____ ____ ____ ____ ____ ____ ____ 
____ ____ ____ ____ fl_n ____ ____ ____ ____ ____ ____ ____ ____ ____ ____ 
____ ____ ____ ____ ____ ____ ____ ____ ____ ____ ____ ____ ____ ____ ____ 
ho_s ____ ____ ____ ____ ____ ____ ____ ____ ____ ____ ____ ____ ____ ____ 
____ ____ ____ ____ ____ ____ ____ ____ ____ ____ ____ ____ ____ ____ ____ 
____ ____ ____ ____ ____ ____ ____ ____ ____ ____ ____ ____ ____ ____ ____ 
____ ____ ____ ____ ____ ____ ____ ____ ____ ____ ____ ____ ____ ____ ____ 
____ ____ ____ ____ ____ ____ ____ ____ ____ fo_e ____ ____ ____ ____ ____ 
____ ____ ____ ____ ____ ____ ____ ____ ____ ____ ____ ____ ____ ____ ____ 
____ ____ ____ ____ ____ ____ ____ ____ ____ ____ ____ ____ ____ ____ ____ 
____ ____ ____ ____ ____ ____ ____ ____ ____ ____ ____ lr_e lr_s ____ ____ 
____ ____ ____ ____ ____ ____ ____ ____ ____ ____ ____ ____ ____ ____ ____ 
Round 5
Creature (lrover east 1 4) takes action:lrover
 hop
Creature (lrover east 1 6) takes action:lrover
 hop
Creature (hop south 6 0) takes action:hop
 hop
Creature (lrover south 13 12) takes action:lrover
 hop
Creature (food east 10 9) takes action:food
 left
Creature (hop north 3 3) takes action:hop
 hop
Creature (food west 2 13) takes action:food
 left
____ ____ ____ ho_e ____ ____ ____ ____ ____ ____ ____ ____ ____ ____ ____ 
____ ____ ____ ____ ____ lr_e ____ lr_e ____ ____ ____ ____ ____ ____ ____ 
____ ____ ____ ho_n ____ ____ ____ ____ ____ ____ ____ ____ ____ fo_s ____ 
____ ____ ____ ____ ____ ____ ____ ____ ____ ____ ____ ____ ____ ____ ____ 
____ ____ ____ ____ fl_n ____ ____ ____ ____ ____ ____ ____ ____ ____ ____ 
____ ____ ____ ____ ____ ____ ____ ____ ____ ____ ____ ____ ____ ____ ____ 
____ ____ ____ ____ ____ ____ ____ ____ ____ ____ ____ ____ ____ ____ ____ 
ho_s ____ ____ ____ ____ ____ ____ ____ ____ ____ ____ ____ ____ ____ ____ 
____ ____ ____ ____ ____ ____ ____ ____ ____ ____ ____ ____ ____ ____ ____ 
____ ____ ____ ____ ____ ____ ____ ____ ____ ____ ____ ____ ____ ____ ____ 
____ ____ ____ ____ ____ ____ ____ ____ ____ fo_n ____ ____ ____ ____ ____ 
____ ____ ____ ____ ____ ____ ____ ____ ____ ____ ____ ____ ____ ____ ____ 
____ ____ ____ ____ ____ ____ ____ ____ ____ ____ ____ ____ ____ ____ ____ 
____ ____ ____ ____ ____ ____ ____ ____ ____ ____ ____ lr_e ____ ____ ____ 
____ ____ ____ ____ ____ ____ ____ ____ ____ ____ ____ ____ lr_s ____ ____ 
Round 6
Creature (lrover east 1 5) takes action:lrover
 hop
Creature (flytrap north 4 4) takes action:flytrap
 left
Creature (lrover east 1 7) takes action:lrover
 hop
Creature (hop south 7 0) takes action:hop
 hop
Creature (hop east 0 3) takes action:hop
 hop
Creature (lrover south 14 12) takes action:lrover
 left
Creature (food north 10 9) takes action:food
 left
Creature (lrover east 13 11) takes action:lrover
 left
Creature (hop north 2 3) takes action:hop
 hop
Creature (food south 2 13) takes action:food
 left
____ ____ ____ ho_e ____ ____ ____ ____ ____ ____ ____ ____ ____ ____ ____ 
____ ____ ____ ho_n ____ ____ lr_e ____ lr_e ____ ____ ____ ____ ____ ____ 
____ ____ ____ ____ ____ ____ ____ ____ ____ ____ ____ ____ ____ fo_e ____ 
____ ____ ____ ____ ____ ____ ____ ____ ____ ____ ____ ____ ____ ____ ____ 
____ ____ ____ ____ fl_w ____ ____ ____ ____ ____ ____ ____ ____ ____ ____ 
____ ____ ____ ____ ____ ____ ____ ____ ____ ____ ____ ____ ____ ____ ____ 
____ ____ ____ ____ ____ ____ ____ ____ ____ ____ ____ ____ ____ ____ ____ 
____ ____ ____ ____ ____ ____ ____ ____ ____ ____ ____ ____ ____ ____ ____ 
ho_s ____ ____ ____ ____ ____ ____ ____ ____ ____ ____ ____ ____ ____ ____ 
____ ____ ____ ____ ____ ____ ____ ____ ____ ____ ____ ____ ____ ____ ____ 
____ ____ ____ ____ ____ ____ ____ ____ ____ fo_w ____ ____ ____ ____ ____ 
____ ____ ____ ____ ____ ____ ____ ____ ____ ____ ____ ____ ____ ____ ____ 
____ ____ ____ ____ ____ ____ ____ ____ ____ ____ ____ ____ ____ ____ ____ 
____ ____ ____ ____ ____ ____ ____ ____ ____ ____ ____ lr_n ____ ____ ____ 
____ ____ ____ ____ ____ ____ ____ ____ ____ ____ ____ ____ lr_e ____ ____ 
Round 7
Creature (lrover east 1 6) takes action:lrover
 hop
Creature (lrover east 1 8) takes action:lrover
 hop
Creature (hop south 8 0) takes action:hop
 hop
Creature (lrover east 14 12) takes action:lrover
 hop
Creature (food west 10 9) takes action:food
 left
Creature (hop north 1 3) takes action:hop
 hop
Creature (food east 2 13) takes action:food
 left
____ ____ ____ ho_e ____ ____ ____ ____ ____ ____ ____ ____ ____ ____ ____ 
____ ____ ____ ho_n ____ ____ ____ lr_e ____ lr_e ____ ____ ____ ____ ____ 
____ ____ ____ ____ ____ ____ ____ ____ ____ ____ ____ ____ ____ fo_n ____ 
____ ____ ____ ____ ____ ____ ____ ____ ____ ____ ____ ____ ____ ____ ____ 
____ ____ ____ ____ fl_w ____ ____ ____ ____ ____ ____ ____ ____ ____ ____ 
____ ____ ____ ____ ____ ____ ____ ____ ____ ____ ____ ____ ____ ____ ____ 
____ ____ ____ ____ ____ ____ ____ ____ ____ ____ ____ ____ ____ ____ ____ 
____ ____ ____ ____ ____ ____ ____ ____ ____ ____ ____ ____ ____ ____ ____ 
____ ____ ____ ____ ____ ____ ____ ____ ____ ____ ____ ____ ____ ____ ____ 
ho_s ____ ____ ____ ____ ____ ____ ____ ____ ____ ____ ____ ____ ____ ____ 
____ ____ ____ ____ ____ ____ ____ ____ ____ fo_s ____ ____ ____ ____ ____ 
____ ____ ____ ____ ____ ____ ____ ____ ____ ____ ____ ____ ____ ____ ____ 
____ ____ ____ ____ ____ ____ ____ ____ ____ ____ ____ ____ ____ ____ ____ 
____ ____ ____ ____ ____ ____ ____ ____ ____ ____ ____ lr_n ____ ____ ____ 
____ ____ ____ ____ ____ ____ ____ ____ ____ ____ ____ ____ ____ lr_e ____ 
Round 8
Creature (lrover east 1 7) takes action:lrover
 hop
Creature (flytrap west 4 4) takes action:flytrap
 left
Creature (lrover east 1 9) takes action:lrover
 hop
Creature (hop south 9 0) takes action:hop
 hop
Creature (hop east 0 3) takes action:hop
 hop
Creature (lrover east 14 13) takes action:lrover
 hop
Creature (food south 10 9) takes action:food
 left
Creature (lrover north 13 11) takes action:lrover
 hop
Creature (hop north 1 3) takes action:hop
 hop
Creature (food north 2 13) takes action:food
 left
____ ____ ____ ho_e ____ ____ ____ ____ ____ ____ ____ ____ ____ ____ ____ 
____ ____ ____ ho_n ____ ____ ____ ____ lr_e ____ lr_e ____ ____ ____ ____ 
____ ____ ____ ____ ____ ____ ____ ____ ____ ____ ____ ____ ____ fo_w ____ 
____ ____ ____ ____ ____ ____ ____ ____ ____ ____ ____ ____ ____ ____ ____ 
____ ____ ____ ____ fl_s ____ ____ ____ ____ ____ ____ ____ ____ ____ ____ 
____ ____ ____ ____ ____ ____ ____ ____ ____ ____ ____ ____ ____ ____ ____ 
____ ____ ____ ____ ____ ____ ____ ____ ____ ____ ____ ____ ____ ____ ____ 
____ ____ ____ ____ ____ ____ ____ ____ ____ ____ ____ ____ ____ ____ ____ 
____ ____ ____ ____ ____ ____ ____ ____ ____ ____ ____ ____ ____ ____ ____ 
____ ____ ____ ____ ____ ____ ____ ____ ____ ____ ____ ____ ____ ____ ____ 
ho_s ____ ____ ____ ____ ____ ____ ____ ____ fo_e ____ ____ ____ ____ ____ 
____ ____ ____ ____ ____ ____ ____ ____ ____ ____ ____ ____ ____ ____ ____ 
____ ____ ____ ____ ____ ____ ____ ____ ____ ____ ____ lr_n ____ ____ ____ 
____ ____ ____ ____ ____ ____ ____ ____ ____ ____ ____ ____ ____ ____ ____ 
____ ____ ____ ____ ____ ____ ____ ____ ____ ____ ____ ____ ____ ____ lr_e 
Round 9
Creature (lrover east 1 8) takes action:lrover
 hop
Creature (lrover east 1 10) takes action:lrover
 hop
Creature (hop south 10 0) takes action:hop
 hop
Creature (lrover east 14 14) takes action:lrover
 left
Creature (food east 10 9) takes action:food
 left
Creature (hop north 1 3) takes action:hop
 hop
Creature (food west 2 13) takes action:food
 left
____ ____ ____ ho_e ____ ____ ____ ____ ____ ____ ____ ____ ____ ____ ____ 
____ ____ ____ ho_n ____ ____ ____ ____ ____ lr_e ____ lr_e ____ ____ ____ 
____ ____ ____ ____ ____ ____ ____ ____ ____ ____ ____ ____ ____ fo_s ____ 
____ ____ ____ ____ ____ ____ ____ ____ ____ ____ ____ ____ ____ ____ ____ 
____ ____ ____ ____ fl_s ____ ____ ____ ____ ____ ____ ____ ____ ____ ____ 
____ ____ ____ ____ ____ ____ ____ ____ ____ ____ ____ ____ ____ ____ ____ 
____ ____ ____ ____ ____ ____ ____ ____ ____ ____ ____ ____ ____ ____ ____ 
____ ____ ____ ____ ____ ____ ____ ____ ____ ____ ____ ____ ____ ____ ____ 
____ ____ ____ ____ ____ ____ ____ ____ ____ ____ ____ ____ ____ ____ ____ 
____ ____ ____ ____ ____ ____ ____ ____ ____ ____ ____ ____ ____ ____ ____ 
____ ____ ____ ____ ____ ____ ____ ____ ____ fo_n ____ ____ ____ ____ ____ 
ho_s ____ ____ ____ ____ ____ ____ ____ ____ ____ ____ ____ ____ ____ ____ 
____ ____ ____ ____ ____ ____ ____ ____ ____ ____ ____ lr_n ____ ____ ____ 
____ ____ ____ ____ ____ ____ ____ ____ ____ ____ ____ ____ ____ ____ ____ 
____ ____ ____ ____ ____ ____ ____ ____ ____ ____ ____ ____ ____ ____ lr_n 
Round 10
Creature (lrover east 1 9) takes action:lrover
 hop
Creature (flytrap south 4 4) takes action:flytrap
 left
Creature (lrover east 1 11) takes action:lrover
 hop
Creature (hop south 11 0) takes action:hop
 hop
Creature (hop east 0 3) takes action:hop
 hop
Creature (lrover north 14 14) takes action:lrover
 hop
Creature (food north 10 9) takes action:food
 left
Creature (lrover north 12 11) takes action:lrover
 hop
Creature (hop north 1 3) takes action:hop
 hop
Creature (food south 2 13) takes action:food
 left
____ ____ ____ ho_e ____ ____ ____ ____ ____ ____ ____ ____ ____ ____ ____ 
____ ____ ____ ho_n ____ ____ ____ ____ ____ ____ lr_e ____ lr_e ____ ____ 
____ ____ ____ ____ ____ ____ ____ ____ ____ ____ ____ ____ ____ fo_e ____ 
____ ____ ____ ____ ____ ____ ____ ____ ____ ____ ____ ____ ____ ____ ____ 
____ ____ ____ ____ fl_e ____ ____ ____ ____ ____ ____ ____ ____ ____ ____ 
____ ____ ____ ____ ____ ____ ____ ____ ____ ____ ____ ____ ____ ____ ____ 
____ ____ ____ ____ ____ ____ ____ ____ ____ ____ ____ ____ ____ ____ ____ 
____ ____ ____ ____ ____ ____ ____ ____ ____ ____ ____ ____ ____ ____ ____ 
____ ____ ____ ____ ____ ____ ____ ____ ____ ____ ____ ____ ____ ____ ____ 
____ ____ ____ ____ ____ ____ ____ ____ ____ ____ ____ ____ ____ ____ ____ 
____ ____ ____ ____ ____ ____ ____ ____ ____ fo_w ____ ____ ____ ____ ____ 
____ ____ ____ ____ ____ ____ ____ ____ ____ ____ ____ ____ ____ ____ ____ 
ho_s ____ ____ ____ ____ ____ ____ ____ ____ ____ ____ lr_n ____ ____ ____ 
____ ____ ____ ____ ____ ____ ____ ____ ____ ____ ____ ____ ____ ____ lr_n 
____ ____ ____ ____ ____ ____ ____ ____ ____ ____ ____ ____ ____ ____ ____ 
